<?xml version="1.0" encoding="UTF-8" ?>
<testsuite errors="0" failures="0" hostname="GC-HO-KKRUEG0D2" name="com.test.gwccnet.utilities.generation.AllTests" skipped="0" tests="3" time="0.047" timestamp="2014-01-15T13:17:14">
  <properties>
[...]
</properties>
  <testcase classname="com.test.gwccnet.utilities.generation.ObjectFactoryTest" name="testGenerateSuccess" time="0.01" />
  <testcase classname="com.test.gwccnet.utilities.generation.ObjectFactoryTest" name="testGenerateEmptyPath" time="0.0" />
  <testcase classname="com.test.gwccnet.utilities.generation.ObjectFactoryTest" name="testGenerateEmptyFilePath" time="0.0" />
  <system-out><![CDATA[ClassDiscovery: Package: com.gwccnet.web.utilities becomes Path:com/gwccnet/web/utilities
ClassDiscovery: Resource = file:/C:/Rad%208.5%20Workspaces/gwUtilities%20GIT%202/Utilities/bin/com/gwccnet/web/utilities
ClassDiscovery: FullPath = file:/C:/Rad%208.5%20Workspaces/gwUtilities%20GIT%202/Utilities/bin/com/gwccnet/web/utilities
ClassDiscovery: Directory = C:\Rad 8.5 Workspaces\gwUtilities GIT 2\Utilities\bin\com\gwccnet\web\utilities
ClassDiscovery: className = com.gwccnet.web.utilities.BreadCrumb
ClassDiscovery: className = com.gwccnet.web.utilities.BreadCrumbHandler
ClassDiscovery: className = com.gwccnet.web.utilities.Display
ClassDiscovery: className = com.gwccnet.web.utilities.FormatRow
ClassDiscovery: className = com.gwccnet.web.utilities.FormatRowFactory
ClassDiscovery: className = com.gwccnet.web.utilities.FormatRowMalformedDataException
ClassDiscovery: className = com.gwccnet.web.utilities.FormatRowTest
ClassDiscovery: className = com.gwccnet.web.utilities.FormatRow_Impl
ClassDiscovery: className = com.gwccnet.web.utilities.HTMLFormat
ClassDiscovery: className = com.gwccnet.web.utilities.HTMLUtils
ClassDiscovery: Package: com.gwccnet.test becomes Path:com/gwccnet/test
ClassDiscovery: Resource = null
]]></system-out>
  <system-err><![CDATA[]]></system-err>
</testsuite>
